[rosmaster.main][INFO] 2022-03-29 19:01:34,483: initialization complete, waiting for shutdown
[rosmaster.main][INFO] 2022-03-29 19:01:34,483: Starting ROS Master Node
[xmlrpc][INFO] 2022-03-29 19:01:34,484: XML-RPC server binding to 0.0.0.0:11311
[xmlrpc][INFO] 2022-03-29 19:01:34,484: Started XML-RPC server [http://b1c5323d054a:11311/]
[xmlrpc][INFO] 2022-03-29 19:01:34,484: xml rpc node: starting XML-RPC server
[rosmaster.master][INFO] 2022-03-29 19:01:34,485: Master initialized: port[11311], uri[http://b1c5323d054a:11311/]
[rosmaster.master][INFO] 2022-03-29 19:01:34,585: +PARAM [/run_id] by /roslaunch
[rosmaster.master][INFO] 2022-03-29 19:01:34,588: +PARAM [/roslaunch/uris/host_b1c5323d054a__33379] by /roslaunch
[rosmaster.master][INFO] 2022-03-29 19:01:34,614: +PARAM [/rosversion] by /roslaunch
[rosmaster.master][INFO] 2022-03-29 19:01:34,614: +PARAM [/rosdistro] by /roslaunch
[rosmaster.master][INFO] 2022-03-29 19:01:34,633: +SERVICE [/rosout/get_loggers] /rosout http://b1c5323d054a:34147/
[rosmaster.master][INFO] 2022-03-29 19:01:34,633: +SERVICE [/rosout/set_logger_level] /rosout http://b1c5323d054a:34147/
[rosmaster.master][INFO] 2022-03-29 19:01:34,634: +PUB [/rosout_agg] /rosout http://b1c5323d054a:34147/
[rosmaster.master][INFO] 2022-03-29 19:01:34,636: +SUB [/rosout] /rosout http://b1c5323d054a:34147/
[rosmaster.master][INFO] 2022-03-29 19:01:36,033: +PUB [/rosout] /listener_57_1648580495992 http://f8dd39f422c2:42835/
[rosmaster.master][INFO] 2022-03-29 19:01:36,036: +SERVICE [/listener_57_1648580495992/get_loggers] /listener_57_1648580495992 http://f8dd39f422c2:42835/
[rosmaster.master][INFO] 2022-03-29 19:01:36,037: +SERVICE [/listener_57_1648580495992/set_logger_level] /listener_57_1648580495992 http://f8dd39f422c2:42835/
[rosmaster.master][INFO] 2022-03-29 19:01:36,040: +SUB [/chatter] /listener_57_1648580495992 http://f8dd39f422c2:42835/
[rosmaster.master][INFO] 2022-03-29 19:01:36,093: publisherUpdate[/rosout] -> http://b1c5323d054a:34147/ ['http://f8dd39f422c2:42835/']
[rosmaster.master][INFO] 2022-03-29 19:01:36,134: publisherUpdate[/rosout] -> http://b1c5323d054a:34147/ ['http://f8dd39f422c2:42835/']: sec=0.04, result=[1, '', 0]
[rosmaster.master][INFO] 2022-03-29 19:01:36,460: +PUB [/chatter] /talker_1_1648580496434 http://bc0496513e88:33155/
[rosmaster.master][INFO] 2022-03-29 19:01:36,497: publisherUpdate[/chatter] -> http://f8dd39f422c2:42835/ ['http://bc0496513e88:33155/']
[rosmaster.master][INFO] 2022-03-29 19:01:36,499: publisherUpdate[/chatter] -> http://f8dd39f422c2:42835/ ['http://bc0496513e88:33155/']: sec=0.00, result=[1, '', 0]
[rosmaster.master][INFO] 2022-03-29 19:01:36,559: +PUB [/rosout] /talker_1_1648580496434 http://bc0496513e88:33155/
[rosmaster.master][INFO] 2022-03-29 19:01:36,564: +SERVICE [/talker_1_1648580496434/get_loggers] /talker_1_1648580496434 http://bc0496513e88:33155/
[rosmaster.master][INFO] 2022-03-29 19:01:36,566: +SERVICE [/talker_1_1648580496434/set_logger_level] /talker_1_1648580496434 http://bc0496513e88:33155/
[rosmaster.master][INFO] 2022-03-29 19:01:36,599: publisherUpdate[/rosout] -> http://b1c5323d054a:34147/ ['http://f8dd39f422c2:42835/', 'http://bc0496513e88:33155/']
[rosmaster.master][INFO] 2022-03-29 19:01:36,626: publisherUpdate[/rosout] -> http://b1c5323d054a:34147/ ['http://f8dd39f422c2:42835/', 'http://bc0496513e88:33155/']: sec=0.03, result=[1, '', 0]
[rosmaster.master][INFO] 2022-03-29 19:02:00,039: -PUB [/chatter] /talker_1_1648580496434 http://bc0496513e88:33155/
[rosmaster.master][INFO] 2022-03-29 19:02:00,040: -PUB [/rosout] /talker_1_1648580496434 http://bc0496513e88:33155/
[rosmaster.master][INFO] 2022-03-29 19:02:00,040: -SERVICE [/talker_1_1648580496434/get_loggers] /talker_1_1648580496434 rosrpc://bc0496513e88:44103
[rosmaster.master][INFO] 2022-03-29 19:02:00,040: -SERVICE [/talker_1_1648580496434/set_logger_level] /talker_1_1648580496434 rosrpc://bc0496513e88:44103
[rosmaster.master][INFO] 2022-03-29 19:02:00,075: publisherUpdate[/chatter] -> http://f8dd39f422c2:42835/ []
[rosmaster.master][INFO] 2022-03-29 19:02:00,076: publisherUpdate[/chatter] -> http://f8dd39f422c2:42835/ []: sec=0.00, result=[1, '', 0]
[rosmaster.master][INFO] 2022-03-29 19:02:00,076: publisherUpdate[/rosout] -> http://b1c5323d054a:34147/ ['http://f8dd39f422c2:42835/']
[rosmaster.master][INFO] 2022-03-29 19:02:00,148: publisherUpdate[/rosout] -> http://b1c5323d054a:34147/ ['http://f8dd39f422c2:42835/']: sec=0.07, result=[1, '', 0]
