[roslaunch][INFO] 2022-03-21 16:42:40,412: Checking log directory for disk usage. This may take a while.
Press Ctrl-C to interrupt
[roslaunch][INFO] 2022-03-21 16:42:40,420: Done checking log file disk usage. Usage is <1GB.
[roslaunch][INFO] 2022-03-21 16:42:40,421: roslaunch starting with args ['roscore', '--core']
[roslaunch][INFO] 2022-03-21 16:42:40,421: roslaunch env is environ({'ROS_VERSION': '1', 'PKG_CONFIG_PATH': '/opt/ros/noetic/lib/pkgconfig', 'ROS_PYTHON_VERSION': '3', 'HOSTNAME': '381b6bca9ed1', 'ROS_PACKAGE_PATH': '/opt/ros/noetic/share', 'ROSLISP_PACKAGE_DIRECTORIES': '', 'PWD': '/root/workspace', 'HOME': '/root', 'LANG': 'C.UTF-8', 'ROS_ETC_DIR': '/opt/ros/noetic/etc/ros', 'CMAKE_PREFIX_PATH': '/opt/ros/noetic', 'PYTHONPATH': '/opt/ros/noetic/lib/python3/dist-packages', 'SHLVL': '1', 'ROS_MASTER_URI': 'http://localhost:11311', 'LD_LIBRARY_PATH': '/opt/ros/noetic/lib', 'LC_ALL': 'C.UTF-8', 'PATH': '/opt/ros/noetic/bin:/usr/local/sbin:/usr/local/bin:/usr/sbin:/usr/bin:/sbin:/bin', 'ROS_ROOT': '/opt/ros/noetic/share/ros', 'ROS_DISTRO': 'noetic', '_': '/opt/ros/noetic/bin/roscore', 'OLDPWD': '/root/workspace/src', 'ROS_LOG_FILENAME': '/root/.ros/log/ec3e4b8a-a935-11ec-a614-0242c0a81002/roslaunch-381b6bca9ed1-66.log'})
[roslaunch][INFO] 2022-03-21 16:42:40,421: starting in server mode
[roslaunch.parent][INFO] 2022-03-21 16:42:40,421: starting roslaunch parent run
[roslaunch][INFO] 2022-03-21 16:42:40,450: loading roscore config file /opt/ros/noetic/share/roslaunch/resources/roscore.xml
[roslaunch][INFO] 2022-03-21 16:42:42,044: Added core node of type [rosout/rosout] in namespace [/]
[roslaunch.pmon][INFO] 2022-03-21 16:42:42,044: start_process_monitor: creating ProcessMonitor
[roslaunch.pmon][INFO] 2022-03-21 16:42:42,044: created process monitor <ProcessMonitor(ProcessMonitor-1, initial daemon)>
[roslaunch.pmon][INFO] 2022-03-21 16:42:42,047: start_process_monitor: ProcessMonitor started
[roslaunch.parent][INFO] 2022-03-21 16:42:42,047: starting parent XML-RPC server
[roslaunch.server][INFO] 2022-03-21 16:42:42,047: starting roslaunch XML-RPC server
[roslaunch.server][INFO] 2022-03-21 16:42:42,047: waiting for roslaunch XML-RPC server to initialize
[xmlrpc][INFO] 2022-03-21 16:42:42,049: XML-RPC server binding to 0.0.0.0:0
[xmlrpc][INFO] 2022-03-21 16:42:42,049: Started XML-RPC server [http://381b6bca9ed1:41307/]
[xmlrpc][INFO] 2022-03-21 16:42:42,049: xml rpc node: starting XML-RPC server
[roslaunch][INFO] 2022-03-21 16:42:42,059: started roslaunch server http://381b6bca9ed1:41307/
[roslaunch.parent][INFO] 2022-03-21 16:42:42,059: ... parent XML-RPC server started
[roslaunch][INFO] 2022-03-21 16:42:42,059: master.is_running[http://381b6bca9ed1:11311/]
[roslaunch][INFO] 2022-03-21 16:42:42,072: auto-starting new master
[roslaunch][INFO] 2022-03-21 16:42:42,072: create_master_process: rosmaster, /opt/ros/noetic/share/ros, 11311, 3, None, False
[roslaunch][INFO] 2022-03-21 16:42:42,072: process[master]: launching with args [['rosmaster', '--core', '-p', '11311', '-w', '3']]
[roslaunch.pmon][INFO] 2022-03-21 16:42:42,072: ProcessMonitor.register[master]
[roslaunch.pmon][INFO] 2022-03-21 16:42:42,072: ProcessMonitor.register[master] complete
[roslaunch][INFO] 2022-03-21 16:42:42,072: process[master]: starting os process
[roslaunch][INFO] 2022-03-21 16:42:42,072: process[master]: start w/ args [['rosmaster', '--core', '-p', '11311', '-w', '3', '__log:=/root/.ros/log/ec3e4b8a-a935-11ec-a614-0242c0a81002/master.log']]
[roslaunch][INFO] 2022-03-21 16:42:42,072: process[master]: cwd will be [/root/.ros]
[roslaunch][INFO] 2022-03-21 16:42:42,078: process[master]: started with pid [74]
[roslaunch][INFO] 2022-03-21 16:42:42,080: master.is_running[http://381b6bca9ed1:11311/]
[roslaunch][INFO] 2022-03-21 16:42:42,187: master.is_running[http://381b6bca9ed1:11311/]
[roslaunch][INFO] 2022-03-21 16:42:42,295: master.is_running[http://381b6bca9ed1:11311/]
[roslaunch][INFO] 2022-03-21 16:42:42,396: master.is_running[http://381b6bca9ed1:11311/]
[roslaunch][INFO] 2022-03-21 16:42:42,503: master.is_running[http://381b6bca9ed1:11311/]
[roslaunch][INFO] 2022-03-21 16:42:42,616: master.is_running[http://381b6bca9ed1:11311/]
[roslaunch][INFO] 2022-03-21 16:42:42,735: master.is_running[http://381b6bca9ed1:11311/]
[roslaunch][INFO] 2022-03-21 16:42:42,836: master.is_running[http://381b6bca9ed1:11311/]
[roslaunch][INFO] 2022-03-21 16:42:42,950: master.is_running[http://381b6bca9ed1:11311/]
[roslaunch][INFO] 2022-03-21 16:42:43,085: master.is_running[http://381b6bca9ed1:11311/]
[roslaunch][INFO] 2022-03-21 16:42:43,185: master.is_running[http://381b6bca9ed1:11311/]
[roslaunch][INFO] 2022-03-21 16:42:43,301: master.is_running[http://381b6bca9ed1:11311/]
[roslaunch][INFO] 2022-03-21 16:42:43,402: master.is_running[http://381b6bca9ed1:11311/]
[roslaunch][INFO] 2022-03-21 16:42:43,503: master.is_running[http://381b6bca9ed1:11311/]
[roslaunch][INFO] 2022-03-21 16:42:43,604: master.is_running[http://381b6bca9ed1:11311/]
[roslaunch][INFO] 2022-03-21 16:42:43,705: master.is_running[http://381b6bca9ed1:11311/]
[roslaunch][INFO] 2022-03-21 16:42:43,806: master.is_running[http://381b6bca9ed1:11311/]
[roslaunch][INFO] 2022-03-21 16:42:43,808: master.is_running[http://381b6bca9ed1:11311/]
[roslaunch][INFO] 2022-03-21 16:42:43,809: ROS_MASTER_URI=http://381b6bca9ed1:11311/
[roslaunch][INFO] 2022-03-21 16:42:43,810: setting /run_id to ec3e4b8a-a935-11ec-a614-0242c0a81002
[roslaunch][INFO] 2022-03-21 16:42:43,811: setting /roslaunch/uris/host_381b6bca9ed1__41307' to http://381b6bca9ed1:41307/
[roslaunch][INFO] 2022-03-21 16:42:43,814: ... preparing to launch node of type [rosout/rosout]
[roslaunch][INFO] 2022-03-21 16:42:43,814: create_node_process: package[rosout] type[rosout] machine[Machine(name[] env_loader[None] address[localhost] ssh_port[22] user[None] assignable[True] timeout[10.0])] master_uri[http://381b6bca9ed1:11311/]
[roslaunch][INFO] 2022-03-21 16:42:43,814: process[rosout-1]: env[{'ROS_VERSION': '1', 'PKG_CONFIG_PATH': '/opt/ros/noetic/lib/pkgconfig', 'ROS_PYTHON_VERSION': '3', 'HOSTNAME': '381b6bca9ed1', 'ROS_PACKAGE_PATH': '/opt/ros/noetic/share', 'ROSLISP_PACKAGE_DIRECTORIES': '', 'PWD': '/root/workspace', 'HOME': '/root', 'LANG': 'C.UTF-8', 'ROS_ETC_DIR': '/opt/ros/noetic/etc/ros', 'CMAKE_PREFIX_PATH': '/opt/ros/noetic', 'PYTHONPATH': '/opt/ros/noetic/lib/python3/dist-packages', 'SHLVL': '1', 'ROS_MASTER_URI': 'http://381b6bca9ed1:11311/', 'LD_LIBRARY_PATH': '/opt/ros/noetic/lib', 'LC_ALL': 'C.UTF-8', 'PATH': '/opt/ros/noetic/bin:/usr/local/sbin:/usr/local/bin:/usr/sbin:/usr/bin:/sbin:/bin', 'ROS_ROOT': '/opt/ros/noetic/share/ros', 'ROS_DISTRO': 'noetic', '_': '/opt/ros/noetic/bin/roscore', 'OLDPWD': '/root/workspace/src', 'ROS_LOG_FILENAME': '/root/.ros/log/ec3e4b8a-a935-11ec-a614-0242c0a81002/roslaunch-381b6bca9ed1-66.log'}]
[roslaunch][INFO] 2022-03-21 16:42:43,849: process[rosout-1]: args[['/opt/ros/noetic/lib/rosout/rosout', '__name:=rosout']]
[roslaunch][INFO] 2022-03-21 16:42:43,849: ... created process [rosout-1]
[roslaunch.pmon][INFO] 2022-03-21 16:42:43,849: ProcessMonitor.register[rosout-1]
[roslaunch.pmon][INFO] 2022-03-21 16:42:43,849: ProcessMonitor.register[rosout-1] complete
[roslaunch][INFO] 2022-03-21 16:42:43,849: ... registered process [rosout-1]
[roslaunch][INFO] 2022-03-21 16:42:43,849: process[rosout-1]: starting os process
[roslaunch][INFO] 2022-03-21 16:42:43,849: process[rosout-1]: start w/ args [['/opt/ros/noetic/lib/rosout/rosout', '__name:=rosout', '__log:=/root/.ros/log/ec3e4b8a-a935-11ec-a614-0242c0a81002/rosout-1.log']]
[roslaunch][INFO] 2022-03-21 16:42:43,850: process[rosout-1]: cwd will be [/root/.ros]
[roslaunch][INFO] 2022-03-21 16:42:43,875: process[rosout-1]: started with pid [84]
[roslaunch][INFO] 2022-03-21 16:42:43,875: ... successfully launched [rosout-1]
[roslaunch][INFO] 2022-03-21 16:42:43,875: load_parameters starting ...
[roslaunch][INFO] 2022-03-21 16:42:43,891: ... load_parameters complete
[roslaunch][INFO] 2022-03-21 16:42:43,891: launch_nodes: launching local nodes ...
[roslaunch][INFO] 2022-03-21 16:42:43,892: ... launch_nodes complete
[roslaunch.pmon][INFO] 2022-03-21 16:42:43,894: registrations completed <ProcessMonitor(ProcessMonitor-1, started daemon 140229456148224)>
[roslaunch.parent][INFO] 2022-03-21 16:42:43,894: ... roslaunch parent running, waiting for process exit
[roslaunch][INFO] 2022-03-21 16:42:43,894: spin
