[rosmaster.main][INFO] 2022-03-29 18:49:40,524: initialization complete, waiting for shutdown
[rosmaster.main][INFO] 2022-03-29 18:49:40,524: Starting ROS Master Node
[xmlrpc][INFO] 2022-03-29 18:49:40,525: XML-RPC server binding to 0.0.0.0:11311
[xmlrpc][INFO] 2022-03-29 18:49:40,525: Started XML-RPC server [http://b1c5323d054a:11311/]
[xmlrpc][INFO] 2022-03-29 18:49:40,525: xml rpc node: starting XML-RPC server
[rosmaster.master][INFO] 2022-03-29 18:49:40,525: Master initialized: port[11311], uri[http://b1c5323d054a:11311/]
[rosmaster.master][INFO] 2022-03-29 18:49:40,541: +PARAM [/run_id] by /roslaunch
[rosmaster.master][INFO] 2022-03-29 18:49:40,542: +PARAM [/roslaunch/uris/host_b1c5323d054a__42981] by /roslaunch
[rosmaster.master][INFO] 2022-03-29 18:49:40,587: +PARAM [/rosversion] by /roslaunch
[rosmaster.master][INFO] 2022-03-29 18:49:40,588: +PARAM [/rosdistro] by /roslaunch
[rosmaster.master][INFO] 2022-03-29 18:49:40,628: +SERVICE [/rosout/get_loggers] /rosout http://b1c5323d054a:44577/
[rosmaster.master][INFO] 2022-03-29 18:49:40,629: +SERVICE [/rosout/set_logger_level] /rosout http://b1c5323d054a:44577/
[rosmaster.master][INFO] 2022-03-29 18:49:40,629: +PUB [/rosout_agg] /rosout http://b1c5323d054a:44577/
[rosmaster.master][INFO] 2022-03-29 18:49:40,632: +SUB [/rosout] /rosout http://b1c5323d054a:44577/
[rosmaster.master][INFO] 2022-03-29 18:49:42,433: +PUB [/rosout] /listener_57_1648579782296 http://f8dd39f422c2:45883/
[rosmaster.master][INFO] 2022-03-29 18:49:42,436: +SERVICE [/listener_57_1648579782296/get_loggers] /listener_57_1648579782296 http://f8dd39f422c2:45883/
[rosmaster.master][INFO] 2022-03-29 18:49:42,437: +SERVICE [/listener_57_1648579782296/set_logger_level] /listener_57_1648579782296 http://f8dd39f422c2:45883/
[rosmaster.master][INFO] 2022-03-29 18:49:42,440: +SUB [/chatter] /listener_57_1648579782296 http://f8dd39f422c2:45883/
[rosmaster.master][INFO] 2022-03-29 18:49:42,440: publisherUpdate[/rosout] -> http://b1c5323d054a:44577/ ['http://f8dd39f422c2:45883/']
[rosmaster.master][INFO] 2022-03-29 18:49:42,485: publisherUpdate[/rosout] -> http://b1c5323d054a:44577/ ['http://f8dd39f422c2:45883/']: sec=0.05, result=[1, '', 0]
[rosmaster.master][INFO] 2022-03-29 18:49:42,630: +PUB [/chatter] /talker_1_1648579782609 http://bc0496513e88:33405/
[rosmaster.master][INFO] 2022-03-29 18:49:42,645: publisherUpdate[/chatter] -> http://f8dd39f422c2:45883/ ['http://bc0496513e88:33405/']
[rosmaster.master][INFO] 2022-03-29 18:49:42,648: publisherUpdate[/chatter] -> http://f8dd39f422c2:45883/ ['http://bc0496513e88:33405/']: sec=0.00, result=[1, '', 0]
[rosmaster.master][INFO] 2022-03-29 18:49:42,729: +PUB [/rosout] /talker_1_1648579782609 http://bc0496513e88:33405/
[rosmaster.master][INFO] 2022-03-29 18:49:42,732: +SERVICE [/talker_1_1648579782609/get_loggers] /talker_1_1648579782609 http://bc0496513e88:33405/
[rosmaster.master][INFO] 2022-03-29 18:49:42,734: +SERVICE [/talker_1_1648579782609/set_logger_level] /talker_1_1648579782609 http://bc0496513e88:33405/
[rosmaster.master][INFO] 2022-03-29 18:49:42,746: publisherUpdate[/rosout] -> http://b1c5323d054a:44577/ ['http://f8dd39f422c2:45883/', 'http://bc0496513e88:33405/']
[rosmaster.master][INFO] 2022-03-29 18:49:42,804: publisherUpdate[/rosout] -> http://b1c5323d054a:44577/ ['http://f8dd39f422c2:45883/', 'http://bc0496513e88:33405/']: sec=0.06, result=[1, '', 0]
[rosmaster.master][INFO] 2022-03-29 18:52:19,093: -PUB [/chatter] /talker_1_1648579782609 http://bc0496513e88:33405/
[rosmaster.master][INFO] 2022-03-29 18:52:19,093: -PUB [/rosout] /talker_1_1648579782609 http://bc0496513e88:33405/
[rosmaster.master][INFO] 2022-03-29 18:52:19,094: -SERVICE [/talker_1_1648579782609/get_loggers] /talker_1_1648579782609 rosrpc://bc0496513e88:37885
[rosmaster.master][INFO] 2022-03-29 18:52:19,094: -SERVICE [/talker_1_1648579782609/set_logger_level] /talker_1_1648579782609 rosrpc://bc0496513e88:37885
[rosmaster.master][INFO] 2022-03-29 18:52:19,149: publisherUpdate[/chatter] -> http://f8dd39f422c2:45883/ []
[rosmaster.master][INFO] 2022-03-29 18:52:19,149: publisherUpdate[/rosout] -> http://b1c5323d054a:44577/ ['http://f8dd39f422c2:45883/']
[rosmaster.master][INFO] 2022-03-29 18:52:19,168: publisherUpdate[/chatter] -> http://f8dd39f422c2:45883/ []: sec=0.02, result=[1, '', 0]
[rosmaster.master][INFO] 2022-03-29 18:52:19,169: publisherUpdate[/rosout] -> http://b1c5323d054a:44577/ ['http://f8dd39f422c2:45883/']: sec=0.02, result=[1, '', 0]
