[roslaunch][INFO] 2022-03-29 18:49:39,609: Checking log directory for disk usage. This may take a while.
Press Ctrl-C to interrupt
[roslaunch][INFO] 2022-03-29 18:49:39,617: Done checking log file disk usage. Usage is <1GB.
[roslaunch][INFO] 2022-03-29 18:49:39,617: roslaunch starting with args ['roscore', '--core']
[roslaunch][INFO] 2022-03-29 18:49:39,617: roslaunch env is environ({'ROS_VERSION': '1', 'PKG_CONFIG_PATH': '/opt/ros/noetic/lib/pkgconfig', 'ROS_PYTHON_VERSION': '3', 'HOSTNAME': 'b1c5323d054a', 'ROS_PACKAGE_PATH': '/opt/ros/noetic/share', 'ROSLISP_PACKAGE_DIRECTORIES': '', 'PWD': '/root/workspace', 'HOME': '/root', 'LANG': 'C.UTF-8', 'ROS_ETC_DIR': '/opt/ros/noetic/etc/ros', 'CMAKE_PREFIX_PATH': '/opt/ros/noetic', 'PYTHONPATH': '/opt/ros/noetic/lib/python3/dist-packages', 'SHLVL': '1', 'ROS_MASTER_URI': 'http://localhost:11311', 'LD_LIBRARY_PATH': '/opt/ros/noetic/lib', 'LC_ALL': 'C.UTF-8', 'PATH': '/opt/ros/noetic/bin:/usr/local/sbin:/usr/local/bin:/usr/sbin:/usr/bin:/sbin:/bin', 'ROS_ROOT': '/opt/ros/noetic/share/ros', 'ROS_DISTRO': 'noetic', '_': '/opt/ros/noetic/bin/roscore', 'ROS_LOG_FILENAME': '/root/.ros/log/fcf08086-af90-11ec-8e8a-0242c0a83002/roslaunch-b1c5323d054a-44.log'})
[roslaunch][INFO] 2022-03-29 18:49:39,617: starting in server mode
[roslaunch.parent][INFO] 2022-03-29 18:49:39,617: starting roslaunch parent run
[roslaunch][INFO] 2022-03-29 18:49:39,636: loading roscore config file /opt/ros/noetic/share/roslaunch/resources/roscore.xml
[roslaunch][INFO] 2022-03-29 18:49:40,100: Added core node of type [rosout/rosout] in namespace [/]
[roslaunch.pmon][INFO] 2022-03-29 18:49:40,100: start_process_monitor: creating ProcessMonitor
[roslaunch.pmon][INFO] 2022-03-29 18:49:40,100: created process monitor <ProcessMonitor(ProcessMonitor-1, initial daemon)>
[roslaunch.pmon][INFO] 2022-03-29 18:49:40,100: start_process_monitor: ProcessMonitor started
[roslaunch.parent][INFO] 2022-03-29 18:49:40,101: starting parent XML-RPC server
[roslaunch.server][INFO] 2022-03-29 18:49:40,101: starting roslaunch XML-RPC server
[roslaunch.server][INFO] 2022-03-29 18:49:40,101: waiting for roslaunch XML-RPC server to initialize
[xmlrpc][INFO] 2022-03-29 18:49:40,101: XML-RPC server binding to 0.0.0.0:0
[xmlrpc][INFO] 2022-03-29 18:49:40,101: Started XML-RPC server [http://b1c5323d054a:42981/]
[xmlrpc][INFO] 2022-03-29 18:49:40,101: xml rpc node: starting XML-RPC server
[roslaunch][INFO] 2022-03-29 18:49:40,114: started roslaunch server http://b1c5323d054a:42981/
[roslaunch.parent][INFO] 2022-03-29 18:49:40,114: ... parent XML-RPC server started
[roslaunch][INFO] 2022-03-29 18:49:40,114: master.is_running[http://b1c5323d054a:11311/]
[roslaunch][INFO] 2022-03-29 18:49:40,119: auto-starting new master
[roslaunch][INFO] 2022-03-29 18:49:40,119: create_master_process: rosmaster, /opt/ros/noetic/share/ros, 11311, 3, None, False
[roslaunch][INFO] 2022-03-29 18:49:40,119: process[master]: launching with args [['rosmaster', '--core', '-p', '11311', '-w', '3']]
[roslaunch.pmon][INFO] 2022-03-29 18:49:40,119: ProcessMonitor.register[master]
[roslaunch.pmon][INFO] 2022-03-29 18:49:40,120: ProcessMonitor.register[master] complete
[roslaunch][INFO] 2022-03-29 18:49:40,120: process[master]: starting os process
[roslaunch][INFO] 2022-03-29 18:49:40,120: process[master]: start w/ args [['rosmaster', '--core', '-p', '11311', '-w', '3', '__log:=/root/.ros/log/fcf08086-af90-11ec-8e8a-0242c0a83002/master.log']]
[roslaunch][INFO] 2022-03-29 18:49:40,120: process[master]: cwd will be [/root/.ros]
[roslaunch][INFO] 2022-03-29 18:49:40,127: process[master]: started with pid [52]
[roslaunch][INFO] 2022-03-29 18:49:40,128: master.is_running[http://b1c5323d054a:11311/]
[roslaunch][INFO] 2022-03-29 18:49:40,229: master.is_running[http://b1c5323d054a:11311/]
[roslaunch][INFO] 2022-03-29 18:49:40,329: master.is_running[http://b1c5323d054a:11311/]
[roslaunch][INFO] 2022-03-29 18:49:40,430: master.is_running[http://b1c5323d054a:11311/]
[roslaunch][INFO] 2022-03-29 18:49:40,531: master.is_running[http://b1c5323d054a:11311/]
[roslaunch][INFO] 2022-03-29 18:49:40,535: master.is_running[http://b1c5323d054a:11311/]
[roslaunch][INFO] 2022-03-29 18:49:40,538: ROS_MASTER_URI=http://b1c5323d054a:11311/
[roslaunch][INFO] 2022-03-29 18:49:40,540: setting /run_id to fcf08086-af90-11ec-8e8a-0242c0a83002
[roslaunch][INFO] 2022-03-29 18:49:40,542: setting /roslaunch/uris/host_b1c5323d054a__42981' to http://b1c5323d054a:42981/
[roslaunch][INFO] 2022-03-29 18:49:40,545: ... preparing to launch node of type [rosout/rosout]
[roslaunch][INFO] 2022-03-29 18:49:40,545: create_node_process: package[rosout] type[rosout] machine[Machine(name[] env_loader[None] address[localhost] ssh_port[22] user[None] assignable[True] timeout[10.0])] master_uri[http://b1c5323d054a:11311/]
[roslaunch][INFO] 2022-03-29 18:49:40,545: process[rosout-1]: env[{'ROS_VERSION': '1', 'PKG_CONFIG_PATH': '/opt/ros/noetic/lib/pkgconfig', 'ROS_PYTHON_VERSION': '3', 'HOSTNAME': 'b1c5323d054a', 'ROS_PACKAGE_PATH': '/opt/ros/noetic/share', 'ROSLISP_PACKAGE_DIRECTORIES': '', 'PWD': '/root/workspace', 'HOME': '/root', 'LANG': 'C.UTF-8', 'ROS_ETC_DIR': '/opt/ros/noetic/etc/ros', 'CMAKE_PREFIX_PATH': '/opt/ros/noetic', 'PYTHONPATH': '/opt/ros/noetic/lib/python3/dist-packages', 'SHLVL': '1', 'ROS_MASTER_URI': 'http://b1c5323d054a:11311/', 'LD_LIBRARY_PATH': '/opt/ros/noetic/lib', 'LC_ALL': 'C.UTF-8', 'PATH': '/opt/ros/noetic/bin:/usr/local/sbin:/usr/local/bin:/usr/sbin:/usr/bin:/sbin:/bin', 'ROS_ROOT': '/opt/ros/noetic/share/ros', 'ROS_DISTRO': 'noetic', '_': '/opt/ros/noetic/bin/roscore', 'ROS_LOG_FILENAME': '/root/.ros/log/fcf08086-af90-11ec-8e8a-0242c0a83002/roslaunch-b1c5323d054a-44.log'}]
[roslaunch][INFO] 2022-03-29 18:49:40,560: process[rosout-1]: args[['/opt/ros/noetic/lib/rosout/rosout', '__name:=rosout']]
[roslaunch][INFO] 2022-03-29 18:49:40,560: ... created process [rosout-1]
[roslaunch.pmon][INFO] 2022-03-29 18:49:40,560: ProcessMonitor.register[rosout-1]
[roslaunch.pmon][INFO] 2022-03-29 18:49:40,560: ProcessMonitor.register[rosout-1] complete
[roslaunch][INFO] 2022-03-29 18:49:40,560: ... registered process [rosout-1]
[roslaunch][INFO] 2022-03-29 18:49:40,560: process[rosout-1]: starting os process
[roslaunch][INFO] 2022-03-29 18:49:40,560: process[rosout-1]: start w/ args [['/opt/ros/noetic/lib/rosout/rosout', '__name:=rosout', '__log:=/root/.ros/log/fcf08086-af90-11ec-8e8a-0242c0a83002/rosout-1.log']]
[roslaunch][INFO] 2022-03-29 18:49:40,560: process[rosout-1]: cwd will be [/root/.ros]
[roslaunch][INFO] 2022-03-29 18:49:40,573: process[rosout-1]: started with pid [62]
[roslaunch][INFO] 2022-03-29 18:49:40,574: ... successfully launched [rosout-1]
[roslaunch][INFO] 2022-03-29 18:49:40,575: load_parameters starting ...
[roslaunch][INFO] 2022-03-29 18:49:40,589: ... load_parameters complete
[roslaunch][INFO] 2022-03-29 18:49:40,589: launch_nodes: launching local nodes ...
[roslaunch][INFO] 2022-03-29 18:49:40,589: ... launch_nodes complete
[roslaunch.pmon][INFO] 2022-03-29 18:49:40,589: registrations completed <ProcessMonitor(ProcessMonitor-1, started daemon 140364024100608)>
[roslaunch.parent][INFO] 2022-03-29 18:49:40,589: ... roslaunch parent running, waiting for process exit
[roslaunch][INFO] 2022-03-29 18:49:40,589: spin
