[roslaunch][INFO] 2022-03-11 19:51:31,249: Checking log directory for disk usage. This may take a while.
Press Ctrl-C to interrupt
[roslaunch][INFO] 2022-03-11 19:51:31,267: Done checking log file disk usage. Usage is <1GB.
[roslaunch][INFO] 2022-03-11 19:51:31,270: roslaunch starting with args ['roscore', '--core']
[roslaunch][INFO] 2022-03-11 19:51:31,270: roslaunch env is environ({'ROS_VERSION': '1', 'PKG_CONFIG_PATH': '/opt/ros/noetic/lib/pkgconfig', 'ROS_PYTHON_VERSION': '3', 'HOSTNAME': '397f0c6d95e6', 'ROS_PACKAGE_PATH': '/opt/ros/noetic/share', 'ROSLISP_PACKAGE_DIRECTORIES': '', 'PWD': '/root/workspace', 'HOME': '/root', 'LANG': 'C.UTF-8', 'ROS_ETC_DIR': '/opt/ros/noetic/etc/ros', 'CMAKE_PREFIX_PATH': '/opt/ros/noetic', 'PYTHONPATH': '/opt/ros/noetic/lib/python3/dist-packages', 'SHLVL': '1', 'ROS_MASTER_URI': 'http://localhost:11311', 'LD_LIBRARY_PATH': '/opt/ros/noetic/lib', 'LC_ALL': 'C.UTF-8', 'PATH': '/opt/ros/noetic/bin:/usr/local/sbin:/usr/local/bin:/usr/sbin:/usr/bin:/sbin:/bin', 'ROS_ROOT': '/opt/ros/noetic/share/ros', 'ROS_DISTRO': 'noetic', '_': '/opt/ros/noetic/bin/roscore', 'OLDPWD': '/root/workspace/src', 'ROS_LOG_FILENAME': '/root/.ros/log/a5c9a8de-a174-11ec-8b26-0242c0a8a002/roslaunch-397f0c6d95e6-76.log'})
[roslaunch][INFO] 2022-03-11 19:51:31,270: starting in server mode
[roslaunch.parent][INFO] 2022-03-11 19:51:31,270: starting roslaunch parent run
[roslaunch][INFO] 2022-03-11 19:51:31,296: loading roscore config file /opt/ros/noetic/share/roslaunch/resources/roscore.xml
[roslaunch][INFO] 2022-03-11 19:51:32,410: Added core node of type [rosout/rosout] in namespace [/]
[roslaunch.pmon][INFO] 2022-03-11 19:51:32,411: start_process_monitor: creating ProcessMonitor
[roslaunch.pmon][INFO] 2022-03-11 19:51:32,411: created process monitor <ProcessMonitor(ProcessMonitor-1, initial daemon)>
[roslaunch.pmon][INFO] 2022-03-11 19:51:32,428: start_process_monitor: ProcessMonitor started
[roslaunch.parent][INFO] 2022-03-11 19:51:32,428: starting parent XML-RPC server
[roslaunch.server][INFO] 2022-03-11 19:51:32,428: starting roslaunch XML-RPC server
[roslaunch.server][INFO] 2022-03-11 19:51:32,428: waiting for roslaunch XML-RPC server to initialize
[xmlrpc][INFO] 2022-03-11 19:51:32,428: XML-RPC server binding to 0.0.0.0:0
[xmlrpc][INFO] 2022-03-11 19:51:32,428: Started XML-RPC server [http://397f0c6d95e6:41915/]
[xmlrpc][INFO] 2022-03-11 19:51:32,428: xml rpc node: starting XML-RPC server
[roslaunch][INFO] 2022-03-11 19:51:32,441: started roslaunch server http://397f0c6d95e6:41915/
[roslaunch.parent][INFO] 2022-03-11 19:51:32,441: ... parent XML-RPC server started
[roslaunch][INFO] 2022-03-11 19:51:32,441: master.is_running[http://397f0c6d95e6:11311/]
[roslaunch][INFO] 2022-03-11 19:51:32,442: auto-starting new master
[roslaunch][INFO] 2022-03-11 19:51:32,442: create_master_process: rosmaster, /opt/ros/noetic/share/ros, 11311, 3, None, False
[roslaunch][INFO] 2022-03-11 19:51:32,442: process[master]: launching with args [['rosmaster', '--core', '-p', '11311', '-w', '3']]
[roslaunch.pmon][INFO] 2022-03-11 19:51:32,442: ProcessMonitor.register[master]
[roslaunch.pmon][INFO] 2022-03-11 19:51:32,442: ProcessMonitor.register[master] complete
[roslaunch][INFO] 2022-03-11 19:51:32,442: process[master]: starting os process
[roslaunch][INFO] 2022-03-11 19:51:32,442: process[master]: start w/ args [['rosmaster', '--core', '-p', '11311', '-w', '3', '__log:=/root/.ros/log/a5c9a8de-a174-11ec-8b26-0242c0a8a002/master.log']]
[roslaunch][INFO] 2022-03-11 19:51:32,442: process[master]: cwd will be [/root/.ros]
[roslaunch][INFO] 2022-03-11 19:51:32,456: process[master]: started with pid [84]
[roslaunch][INFO] 2022-03-11 19:51:32,456: master.is_running[http://397f0c6d95e6:11311/]
[roslaunch][INFO] 2022-03-11 19:51:32,557: master.is_running[http://397f0c6d95e6:11311/]
[roslaunch][INFO] 2022-03-11 19:51:32,663: master.is_running[http://397f0c6d95e6:11311/]
[roslaunch][INFO] 2022-03-11 19:51:32,767: master.is_running[http://397f0c6d95e6:11311/]
[roslaunch][INFO] 2022-03-11 19:51:32,883: master.is_running[http://397f0c6d95e6:11311/]
[roslaunch][INFO] 2022-03-11 19:51:32,984: master.is_running[http://397f0c6d95e6:11311/]
[roslaunch][INFO] 2022-03-11 19:51:33,084: master.is_running[http://397f0c6d95e6:11311/]
[roslaunch][INFO] 2022-03-11 19:51:33,186: master.is_running[http://397f0c6d95e6:11311/]
[roslaunch][INFO] 2022-03-11 19:51:33,291: master.is_running[http://397f0c6d95e6:11311/]
[roslaunch][INFO] 2022-03-11 19:51:33,399: master.is_running[http://397f0c6d95e6:11311/]
[roslaunch][INFO] 2022-03-11 19:51:33,499: master.is_running[http://397f0c6d95e6:11311/]
[roslaunch][INFO] 2022-03-11 19:51:33,501: master.is_running[http://397f0c6d95e6:11311/]
[roslaunch][INFO] 2022-03-11 19:51:33,502: ROS_MASTER_URI=http://397f0c6d95e6:11311/
[roslaunch][INFO] 2022-03-11 19:51:33,503: setting /run_id to a5c9a8de-a174-11ec-8b26-0242c0a8a002
[roslaunch][INFO] 2022-03-11 19:51:33,513: setting /roslaunch/uris/host_397f0c6d95e6__41915' to http://397f0c6d95e6:41915/
[roslaunch][INFO] 2022-03-11 19:51:33,516: ... preparing to launch node of type [rosout/rosout]
[roslaunch][INFO] 2022-03-11 19:51:33,516: create_node_process: package[rosout] type[rosout] machine[Machine(name[] env_loader[None] address[localhost] ssh_port[22] user[None] assignable[True] timeout[10.0])] master_uri[http://397f0c6d95e6:11311/]
[roslaunch][INFO] 2022-03-11 19:51:33,517: process[rosout-1]: env[{'ROS_VERSION': '1', 'PKG_CONFIG_PATH': '/opt/ros/noetic/lib/pkgconfig', 'ROS_PYTHON_VERSION': '3', 'HOSTNAME': '397f0c6d95e6', 'ROS_PACKAGE_PATH': '/opt/ros/noetic/share', 'ROSLISP_PACKAGE_DIRECTORIES': '', 'PWD': '/root/workspace', 'HOME': '/root', 'LANG': 'C.UTF-8', 'ROS_ETC_DIR': '/opt/ros/noetic/etc/ros', 'CMAKE_PREFIX_PATH': '/opt/ros/noetic', 'PYTHONPATH': '/opt/ros/noetic/lib/python3/dist-packages', 'SHLVL': '1', 'ROS_MASTER_URI': 'http://397f0c6d95e6:11311/', 'LD_LIBRARY_PATH': '/opt/ros/noetic/lib', 'LC_ALL': 'C.UTF-8', 'PATH': '/opt/ros/noetic/bin:/usr/local/sbin:/usr/local/bin:/usr/sbin:/usr/bin:/sbin:/bin', 'ROS_ROOT': '/opt/ros/noetic/share/ros', 'ROS_DISTRO': 'noetic', '_': '/opt/ros/noetic/bin/roscore', 'OLDPWD': '/root/workspace/src', 'ROS_LOG_FILENAME': '/root/.ros/log/a5c9a8de-a174-11ec-8b26-0242c0a8a002/roslaunch-397f0c6d95e6-76.log'}]
[roslaunch][INFO] 2022-03-11 19:51:33,565: process[rosout-1]: args[['/opt/ros/noetic/lib/rosout/rosout', '__name:=rosout']]
[roslaunch][INFO] 2022-03-11 19:51:33,566: ... created process [rosout-1]
[roslaunch.pmon][INFO] 2022-03-11 19:51:33,566: ProcessMonitor.register[rosout-1]
[roslaunch.pmon][INFO] 2022-03-11 19:51:33,566: ProcessMonitor.register[rosout-1] complete
[roslaunch][INFO] 2022-03-11 19:51:33,566: ... registered process [rosout-1]
[roslaunch][INFO] 2022-03-11 19:51:33,566: process[rosout-1]: starting os process
[roslaunch][INFO] 2022-03-11 19:51:33,566: process[rosout-1]: start w/ args [['/opt/ros/noetic/lib/rosout/rosout', '__name:=rosout', '__log:=/root/.ros/log/a5c9a8de-a174-11ec-8b26-0242c0a8a002/rosout-1.log']]
[roslaunch][INFO] 2022-03-11 19:51:33,566: process[rosout-1]: cwd will be [/root/.ros]
[roslaunch][INFO] 2022-03-11 19:51:33,582: process[rosout-1]: started with pid [94]
[roslaunch][INFO] 2022-03-11 19:51:33,582: ... successfully launched [rosout-1]
[roslaunch][INFO] 2022-03-11 19:51:33,583: load_parameters starting ...
[roslaunch][INFO] 2022-03-11 19:51:33,603: ... load_parameters complete
[roslaunch][INFO] 2022-03-11 19:51:33,603: launch_nodes: launching local nodes ...
[roslaunch][INFO] 2022-03-11 19:51:33,603: ... launch_nodes complete
[roslaunch.pmon][INFO] 2022-03-11 19:51:33,604: registrations completed <ProcessMonitor(ProcessMonitor-1, started daemon 140691530872576)>
[roslaunch.parent][INFO] 2022-03-11 19:51:33,604: ... roslaunch parent running, waiting for process exit
[roslaunch][INFO] 2022-03-11 19:51:33,604: spin
