[roslaunch][INFO] 2022-03-29 18:00:51,826: Checking log directory for disk usage. This may take a while.
Press Ctrl-C to interrupt
[roslaunch][INFO] 2022-03-29 18:00:51,832: Done checking log file disk usage. Usage is <1GB.
[roslaunch][INFO] 2022-03-29 18:00:51,833: roslaunch starting with args ['roscore', '--core']
[roslaunch][INFO] 2022-03-29 18:00:51,833: roslaunch env is environ({'ROS_VERSION': '1', 'PKG_CONFIG_PATH': '/opt/ros/noetic/lib/pkgconfig', 'ROS_PYTHON_VERSION': '3', 'HOSTNAME': 'b1c5323d054a', 'ROS_PACKAGE_PATH': '/opt/ros/noetic/share', 'ROSLISP_PACKAGE_DIRECTORIES': '', 'PWD': '/root/workspace', 'HOME': '/root', 'LANG': 'C.UTF-8', 'ROS_ETC_DIR': '/opt/ros/noetic/etc/ros', 'CMAKE_PREFIX_PATH': '/opt/ros/noetic', 'PYTHONPATH': '/opt/ros/noetic/lib/python3/dist-packages', 'SHLVL': '1', 'ROS_MASTER_URI': 'http://localhost:11311', 'LD_LIBRARY_PATH': '/opt/ros/noetic/lib', 'LC_ALL': 'C.UTF-8', 'PATH': '/opt/ros/noetic/bin:/usr/local/sbin:/usr/local/bin:/usr/sbin:/usr/bin:/sbin:/bin', 'ROS_ROOT': '/opt/ros/noetic/share/ros', 'ROS_DISTRO': 'noetic', '_': '/opt/ros/noetic/bin/roscore', 'OLDPWD': '/root/workspace/src', 'ROS_LOG_FILENAME': '/root/.ros/log/2bcfd5b6-af8a-11ec-bde6-0242c0a83002/roslaunch-b1c5323d054a-74.log'})
[roslaunch][INFO] 2022-03-29 18:00:51,833: starting in server mode
[roslaunch.parent][INFO] 2022-03-29 18:00:51,833: starting roslaunch parent run
[roslaunch][INFO] 2022-03-29 18:00:51,860: loading roscore config file /opt/ros/noetic/share/roslaunch/resources/roscore.xml
[roslaunch][INFO] 2022-03-29 18:00:53,366: Added core node of type [rosout/rosout] in namespace [/]
[roslaunch.pmon][INFO] 2022-03-29 18:00:53,366: start_process_monitor: creating ProcessMonitor
[roslaunch.pmon][INFO] 2022-03-29 18:00:53,366: created process monitor <ProcessMonitor(ProcessMonitor-1, initial daemon)>
[roslaunch.pmon][INFO] 2022-03-29 18:00:53,368: start_process_monitor: ProcessMonitor started
[roslaunch.parent][INFO] 2022-03-29 18:00:53,368: starting parent XML-RPC server
[roslaunch.server][INFO] 2022-03-29 18:00:53,368: starting roslaunch XML-RPC server
[roslaunch.server][INFO] 2022-03-29 18:00:53,368: waiting for roslaunch XML-RPC server to initialize
[xmlrpc][INFO] 2022-03-29 18:00:53,369: XML-RPC server binding to 0.0.0.0:0
[xmlrpc][INFO] 2022-03-29 18:00:53,369: Started XML-RPC server [http://b1c5323d054a:38531/]
[xmlrpc][INFO] 2022-03-29 18:00:53,369: xml rpc node: starting XML-RPC server
[roslaunch][INFO] 2022-03-29 18:00:53,383: started roslaunch server http://b1c5323d054a:38531/
[roslaunch.parent][INFO] 2022-03-29 18:00:53,383: ... parent XML-RPC server started
[roslaunch][INFO] 2022-03-29 18:00:53,383: master.is_running[http://b1c5323d054a:11311/]
[roslaunch][INFO] 2022-03-29 18:00:53,389: auto-starting new master
[roslaunch][INFO] 2022-03-29 18:00:53,389: create_master_process: rosmaster, /opt/ros/noetic/share/ros, 11311, 3, None, False
[roslaunch][INFO] 2022-03-29 18:00:53,389: process[master]: launching with args [['rosmaster', '--core', '-p', '11311', '-w', '3']]
[roslaunch.pmon][INFO] 2022-03-29 18:00:53,390: ProcessMonitor.register[master]
[roslaunch.pmon][INFO] 2022-03-29 18:00:53,390: ProcessMonitor.register[master] complete
[roslaunch][INFO] 2022-03-29 18:00:53,390: process[master]: starting os process
[roslaunch][INFO] 2022-03-29 18:00:53,390: process[master]: start w/ args [['rosmaster', '--core', '-p', '11311', '-w', '3', '__log:=/root/.ros/log/2bcfd5b6-af8a-11ec-bde6-0242c0a83002/master.log']]
[roslaunch][INFO] 2022-03-29 18:00:53,390: process[master]: cwd will be [/root/.ros]
[roslaunch][INFO] 2022-03-29 18:00:53,405: process[master]: started with pid [82]
[roslaunch][INFO] 2022-03-29 18:00:53,405: master.is_running[http://b1c5323d054a:11311/]
[roslaunch][INFO] 2022-03-29 18:00:53,506: master.is_running[http://b1c5323d054a:11311/]
[roslaunch][INFO] 2022-03-29 18:00:53,607: master.is_running[http://b1c5323d054a:11311/]
[roslaunch][INFO] 2022-03-29 18:00:53,711: master.is_running[http://b1c5323d054a:11311/]
[roslaunch][INFO] 2022-03-29 18:00:53,812: master.is_running[http://b1c5323d054a:11311/]
[roslaunch][INFO] 2022-03-29 18:00:53,915: master.is_running[http://b1c5323d054a:11311/]
[roslaunch][INFO] 2022-03-29 18:00:54,022: master.is_running[http://b1c5323d054a:11311/]
[roslaunch][INFO] 2022-03-29 18:00:54,126: master.is_running[http://b1c5323d054a:11311/]
[roslaunch][INFO] 2022-03-29 18:00:54,235: master.is_running[http://b1c5323d054a:11311/]
[roslaunch][INFO] 2022-03-29 18:00:54,336: master.is_running[http://b1c5323d054a:11311/]
[roslaunch][INFO] 2022-03-29 18:00:54,446: master.is_running[http://b1c5323d054a:11311/]
[roslaunch][INFO] 2022-03-29 18:00:54,547: master.is_running[http://b1c5323d054a:11311/]
[roslaunch][INFO] 2022-03-29 18:00:54,648: master.is_running[http://b1c5323d054a:11311/]
[roslaunch][INFO] 2022-03-29 18:00:54,649: master.is_running[http://b1c5323d054a:11311/]
[roslaunch][INFO] 2022-03-29 18:00:54,651: ROS_MASTER_URI=http://b1c5323d054a:11311/
[roslaunch][INFO] 2022-03-29 18:00:54,658: setting /run_id to 2bcfd5b6-af8a-11ec-bde6-0242c0a83002
[roslaunch][INFO] 2022-03-29 18:00:54,660: setting /roslaunch/uris/host_b1c5323d054a__38531' to http://b1c5323d054a:38531/
[roslaunch][INFO] 2022-03-29 18:00:54,670: ... preparing to launch node of type [rosout/rosout]
[roslaunch][INFO] 2022-03-29 18:00:54,670: create_node_process: package[rosout] type[rosout] machine[Machine(name[] env_loader[None] address[localhost] ssh_port[22] user[None] assignable[True] timeout[10.0])] master_uri[http://b1c5323d054a:11311/]
[roslaunch][INFO] 2022-03-29 18:00:54,670: process[rosout-1]: env[{'ROS_VERSION': '1', 'PKG_CONFIG_PATH': '/opt/ros/noetic/lib/pkgconfig', 'ROS_PYTHON_VERSION': '3', 'HOSTNAME': 'b1c5323d054a', 'ROS_PACKAGE_PATH': '/opt/ros/noetic/share', 'ROSLISP_PACKAGE_DIRECTORIES': '', 'PWD': '/root/workspace', 'HOME': '/root', 'LANG': 'C.UTF-8', 'ROS_ETC_DIR': '/opt/ros/noetic/etc/ros', 'CMAKE_PREFIX_PATH': '/opt/ros/noetic', 'PYTHONPATH': '/opt/ros/noetic/lib/python3/dist-packages', 'SHLVL': '1', 'ROS_MASTER_URI': 'http://b1c5323d054a:11311/', 'LD_LIBRARY_PATH': '/opt/ros/noetic/lib', 'LC_ALL': 'C.UTF-8', 'PATH': '/opt/ros/noetic/bin:/usr/local/sbin:/usr/local/bin:/usr/sbin:/usr/bin:/sbin:/bin', 'ROS_ROOT': '/opt/ros/noetic/share/ros', 'ROS_DISTRO': 'noetic', '_': '/opt/ros/noetic/bin/roscore', 'OLDPWD': '/root/workspace/src', 'ROS_LOG_FILENAME': '/root/.ros/log/2bcfd5b6-af8a-11ec-bde6-0242c0a83002/roslaunch-b1c5323d054a-74.log'}]
[roslaunch][INFO] 2022-03-29 18:00:54,754: process[rosout-1]: args[['/opt/ros/noetic/lib/rosout/rosout', '__name:=rosout']]
[roslaunch][INFO] 2022-03-29 18:00:54,754: ... created process [rosout-1]
[roslaunch.pmon][INFO] 2022-03-29 18:00:54,754: ProcessMonitor.register[rosout-1]
[roslaunch.pmon][INFO] 2022-03-29 18:00:54,754: ProcessMonitor.register[rosout-1] complete
[roslaunch][INFO] 2022-03-29 18:00:54,754: ... registered process [rosout-1]
[roslaunch][INFO] 2022-03-29 18:00:54,754: process[rosout-1]: starting os process
[roslaunch][INFO] 2022-03-29 18:00:54,754: process[rosout-1]: start w/ args [['/opt/ros/noetic/lib/rosout/rosout', '__name:=rosout', '__log:=/root/.ros/log/2bcfd5b6-af8a-11ec-bde6-0242c0a83002/rosout-1.log']]
[roslaunch][INFO] 2022-03-29 18:00:54,754: process[rosout-1]: cwd will be [/root/.ros]
[roslaunch][INFO] 2022-03-29 18:00:54,763: process[rosout-1]: started with pid [92]
[roslaunch][INFO] 2022-03-29 18:00:54,763: ... successfully launched [rosout-1]
[roslaunch][INFO] 2022-03-29 18:00:54,763: load_parameters starting ...
[roslaunch][INFO] 2022-03-29 18:00:54,774: ... load_parameters complete
[roslaunch][INFO] 2022-03-29 18:00:54,774: launch_nodes: launching local nodes ...
[roslaunch][INFO] 2022-03-29 18:00:54,774: ... launch_nodes complete
[roslaunch.pmon][INFO] 2022-03-29 18:00:54,784: registrations completed <ProcessMonitor(ProcessMonitor-1, started daemon 140141455165184)>
[roslaunch.parent][INFO] 2022-03-29 18:00:54,785: ... roslaunch parent running, waiting for process exit
[roslaunch][INFO] 2022-03-29 18:00:54,785: spin
